#
# There is insufficient memory for the Java Runtime Environment to continue.
# Native memory allocation (malloc) failed to allocate 1048576 bytes for AllocateHeap
# Possible reasons:
#   The system is out of physical RAM or swap space
#   In 32 bit mode, the process size limit was hit
# Possible solutions:
#   Reduce memory load on the system
#   Increase physical memory or swap space
#   Check if swap backing store is full
#   Use 64 bit Java on a 64 bit OS
#   Decrease Java heap size (-Xmx/-Xms)
#   Decrease number of Java threads
#   Decrease Java thread stack sizes (-Xss)
#   Set larger code cache with -XX:ReservedCodeCacheSize=
# This output file may be truncated or incomplete.
#
#  Out of Memory Error (memory/allocation.inline.hpp:61), pid=4976, tid=0x0000000000001108
#
# JRE version:  (8.0_131-b11) (build )
# Java VM: Java HotSpot(TM) 64-Bit Server VM (25.131-b11 mixed mode windows-amd64 compressed oops)
# Failed to write core dump. Minidumps are not enabled by default on client versions of Windows
#

---------------  T H R E A D  ---------------

Current thread (0x0000000002791000):  JavaThread "Unknown thread" [_thread_in_vm, id=4360, stack(0x00000000025b0000,0x00000000026b0000)]

Stack: [0x00000000025b0000,0x00000000026b0000]
[error occurred during error reporting (printing stack bounds), id 0xc0000005]

Native frames: (J=compiled Java code, j=interpreted, Vv=VM code, C=native code)


---------------  P R O C E S S  ---------------

Java Threads: ( => current thread )

Other Threads:

=>0x0000000002791000 (exited) JavaThread "Unknown thread" [_thread_in_vm, id=4360, stack(0x00000000025b0000,0x00000000026b0000)]

VM state:not at safepoint (normal execution)

VM Mutex/Monitor currently owned by a thread: None

Heap:
 PSYoungGen      total 18432K, used 317K [0x00000000ebb80000, 0x00000000ed000000, 0x0000000100000000)
  eden space 15872K, 2% used [0x00000000ebb80000,0x00000000ebbcf5d0,0x00000000ecb00000)
  from space 2560K, 0% used [0x00000000ecd80000,0x00000000ecd80000,0x00000000ed000000)
  to   space 2560K, 0% used [0x00000000ecb00000,0x00000000ecb00000,0x00000000ecd80000)
 ParOldGen       total 42496K, used 0K [0x00000000c3200000, 0x00000000c5b80000, 0x00000000ebb80000)
  object space 42496K, 0% used [0x00000000c3200000,0x00000000c3200000,0x00000000c5b80000)
 Metaspace       used 770K, capacity 4480K, committed 4480K, reserved 1056768K
  class space    used 75K, capacity 384K, committed 384K, reserved 1048576K

Card table byte_map: [0x0000000011c50000,0x0000000011e40000] byte_map_base: 0x0000000011637000

Marking Bits: (ParMarkBitMap*) 0x000000005b58c720
 Begin Bits: [0x0000000012390000, 0x00000000132c8000)
 End Bits:   [0x00000000132c8000, 0x0000000014200000)

Polling page: 0x00000000026b0000

CodeCache: size=245760Kb used=328Kb max_used=328Kb free=245431Kb
 bounds [0x0000000002890000, 0x0000000002b00000, 0x0000000011890000]
 total_blobs=58 nmethods=0 adapters=38
 compilation: enabled

Compilation events (0 events):
No events

GC Heap History (0 events):
No events

Deoptimization events (0 events):
No events

Internal exceptions (0 events):
No events

Events (10 events):
Event: 0.202 loading class java/lang/Short
Event: 0.203 loading class java/lang/Short done
Event: 0.203 loading class java/lang/Integer
Event: 0.203 loading class java/lang/Integer done
Event: 0.203 loading class java/lang/Long
Event: 0.203 loading class java/lang/Long done
Event: 0.205 loading class java/lang/NullPointerException
Event: 0.205 loading class java/lang/NullPointerException done
Event: 0.205 loading class java/lang/ArithmeticException
Event: 0.205 loading class java/lang/ArithmeticException done


Dynamic libraries:
0x00007ff7cdc90000 - 0x00007ff7cdcc7000 	C:\Program Files\Java\jdk1.8.0_131\jre\bin\java.exe
0x00007ff922130000 - 0x00007ff9222d9000 	C:\Windows\SYSTEM32\ntdll.dll
0x00007ff921ea0000 - 0x00007ff921fd9000 	C:\Windows\system32\KERNEL32.DLL
0x00007ff91f580000 - 0x00007ff91f68e000 	C:\Windows\system32\KERNELBASE.dll
0x00007ff921c10000 - 0x00007ff921cb5000 	C:\Windows\system32\ADVAPI32.dll
0x00007ff91ff50000 - 0x00007ff9200c1000 	C:\Windows\system32\USER32.dll
0x00007ff9154f0000 - 0x00007ff91574a000 	C:\Windows\WinSxS\amd64_microsoft.windows.common-controls_6595b64144ccf1df_6.0.9600.16384_none_62475f7becb72503\COMCTL32.dll
0x00007ff920270000 - 0x00007ff920317000 	C:\Windows\system32\msvcrt.dll
0x00007ff91fef0000 - 0x00007ff91ff47000 	C:\Windows\SYSTEM32\sechost.dll
0x00007ff91fda0000 - 0x00007ff91fed6000 	C:\Windows\system32\RPCRT4.dll
0x00007ff921fe0000 - 0x00007ff922125000 	C:\Windows\system32\GDI32.dll
0x00007ff920130000 - 0x00007ff920164000 	C:\Windows\system32\IMM32.DLL
0x00007ff921850000 - 0x00007ff921989000 	C:\Windows\system32\MSCTF.dll
0x000000005ac90000 - 0x000000005ad62000 	C:\Program Files\Java\jdk1.8.0_131\jre\bin\msvcr100.dll
0x000000005ad70000 - 0x000000005b60c000 	C:\Program Files\Java\jdk1.8.0_131\jre\bin\server\jvm.dll
0x00007ff91cde0000 - 0x00007ff91cde9000 	C:\Windows\SYSTEM32\WSOCK32.dll
0x00007ff911f90000 - 0x00007ff911faf000 	C:\Windows\SYSTEM32\WINMM.dll
0x00007ff91ab80000 - 0x00007ff91ab8a000 	C:\Windows\SYSTEM32\VERSION.dll
0x00007ff920170000 - 0x00007ff920177000 	C:\Windows\system32\PSAPI.DLL
0x00007ff9217f0000 - 0x00007ff921848000 	C:\Windows\system32\WS2_32.dll
0x00007ff911f60000 - 0x00007ff911f8a000 	C:\Windows\SYSTEM32\WINMMBASE.dll
0x00007ff91fee0000 - 0x00007ff91fee9000 	C:\Windows\system32\NSI.dll
0x00007ff91f690000 - 0x00007ff91f6da000 	C:\Windows\SYSTEM32\cfgmgr32.dll
0x00007ff91e3e0000 - 0x00007ff91e406000 	C:\Windows\SYSTEM32\DEVOBJ.dll
0x000000005ac80000 - 0x000000005ac8f000 	C:\Program Files\Java\jdk1.8.0_131\jre\bin\verify.dll
0x000000005ac50000 - 0x000000005ac79000 	C:\Program Files\Java\jdk1.8.0_131\jre\bin\java.dll
0x000000005ac30000 - 0x000000005ac46000 	C:\Program Files\Java\jdk1.8.0_131\jre\bin\zip.dll

VM Arguments:
java_command: org.jetbrains.git4idea.ssh.SSHMain git@github.com git-receive-pack 'leizixing0622/demo.git'
java_class_path (initial): E:/IntelliJ IDEA 2016.2.1/plugins/git4idea/lib/git4idea-rt.jar;E:/IntelliJ IDEA 2016.2.1/lib/xmlrpc-2.0.jar;E:/IntelliJ IDEA 2016.2.1/lib/commons-codec-1.9.jar;E:/IntelliJ IDEA 2016.2.1/lib/util.jar;E:/IntelliJ IDEA 2016.2.1/plugins/git4idea/lib/trilead-ssh2.jar
Launcher Type: SUN_STANDARD

Environment Variables:
JAVA_HOME=C:\Program Files\Java\jdk1.8.0_131
CLASSPATH=.;C:\Program Files\Java\jdk1.8.0_131\jre\lib\rt.jar;C:\Program Files\Java\jdk1.8.0_131\lib\dt.jar;C:\Program Files\Java\jdk1.8.0_131\lib\tools.jar;
PATH=C:\Program Files\Git\mingw32/libexec/git-core;C:\Program Files\Git\mingw32\bin;C:\Program Files\Git\usr\bin;C:\Users\Administrator\bin;.;C:\Program Files\Java\jdk1.8.0_131\bin;C:\Program Files\Java\jdk1.8.0_131\jre\bin;C:\ProgramData\Oracle\Java\javapath;C:\Windows\system32;C:\Windows;C:\Windows\System32\Wbem;C:\Windows\System32\WindowsPowerShell\v1.0\;C:\Program Files\Git\cmd
USERNAME=Administrator
OS=Windows_NT
PROCESSOR_IDENTIFIER=Intel64 Family 6 Model 58 Stepping 9, GenuineIntel



---------------  S Y S T E M  ---------------

OS: Windows 8.1 , 64 bit Build 9600 (6.3.9600.16656)

CPU:total 4 (initial active 4) (2 cores per cpu, 2 threads per core) family 6 model 58 stepping 9, cmov, cx8, fxsr, mmx, sse, sse2, sse3, ssse3, sse4.1, sse4.2, popcnt, avx, aes, clmul, erms, ht, tsc, tscinvbit, tscinv

Memory: 4k page, physical 3984992k(1063492k free), swap 3984992k(10420k free)

vm_info: Java HotSpot(TM) 64-Bit Server VM (25.131-b11) for windows-amd64 JRE (1.8.0_131-b11), built on Mar 15 2017 01:23:53 by "java_re" with MS VC++ 10.0 (VS2010)

time: Thu Jun 08 23:26:09 2017
elapsed time: 0 seconds (0d 0h 0m 0s)

