#
# There is insufficient memory for the Java Runtime Environment to continue.
# Native memory allocation (malloc) failed to allocate 213600 bytes for Chunk::new
# Possible reasons:
#   The system is out of physical RAM or swap space
#   In 32 bit mode, the process size limit was hit
# Possible solutions:
#   Reduce memory load on the system
#   Increase physical memory or swap space
#   Check if swap backing store is full
#   Use 64 bit Java on a 64 bit OS
#   Decrease Java heap size (-Xmx/-Xms)
#   Decrease number of Java threads
#   Decrease Java thread stack sizes (-Xss)
#   Set larger code cache with -XX:ReservedCodeCacheSize=
# This output file may be truncated or incomplete.
#
#  Out of Memory Error (allocation.cpp:390), pid=1632, tid=0x000000000000069c
#
# JRE version: Java(TM) SE Runtime Environment (8.0_131-b11) (build 1.8.0_131-b11)
# Java VM: Java HotSpot(TM) 64-Bit Server VM (25.131-b11 mixed mode windows-amd64 compressed oops)
# Failed to write core dump. Minidumps are not enabled by default on client versions of Windows
#

---------------  T H R E A D  ---------------

Current thread (0x0000000014f5c800):  JavaThread "C2 CompilerThread1" daemon [_thread_in_native, id=1692, stack(0x0000000016990000,0x0000000016a90000)]

Stack: [0x0000000016990000,0x0000000016a90000]
[error occurred during error reporting (printing stack bounds), id 0xc0000005]

Native frames: (J=compiled Java code, j=interpreted, Vv=VM code, C=native code)


Current CompileTask:
C2:   3757  997   !   4       java.net.URL::<init> (543 bytes)


---------------  P R O C E S S  ---------------

Java Threads: ( => current thread )
  0x0000000016383800 JavaThread "Monitor Ctrl-Break" daemon [_thread_in_native, id=3196, stack(0x0000000016e80000,0x0000000016f80000)]
  0x0000000016327000 JavaThread "Service Thread" daemon [_thread_blocked, id=4980, stack(0x0000000016b90000,0x0000000016c90000)]
  0x0000000014f61800 JavaThread "C1 CompilerThread2" daemon [_thread_blocked, id=5056, stack(0x0000000016a90000,0x0000000016b90000)]
=>0x0000000014f5c800 JavaThread "C2 CompilerThread1" daemon [_thread_in_native, id=1692, stack(0x0000000016990000,0x0000000016a90000)]
  0x0000000014f57800 JavaThread "C2 CompilerThread0" daemon [_thread_blocked, id=3080, stack(0x0000000016890000,0x0000000016990000)]
  0x0000000014f56000 JavaThread "Attach Listener" daemon [_thread_blocked, id=1428, stack(0x0000000016790000,0x0000000016890000)]
  0x0000000014f41000 JavaThread "Signal Dispatcher" daemon [_thread_blocked, id=1108, stack(0x0000000016690000,0x0000000016790000)]
  0x0000000002a28000 JavaThread "Finalizer" daemon [_thread_blocked, id=680, stack(0x0000000016190000,0x0000000016290000)]
  0x0000000002a25000 JavaThread "Reference Handler" daemon [_thread_blocked, id=960, stack(0x0000000016090000,0x0000000016190000)]
  0x0000000002933800 JavaThread "main" [_thread_in_native, id=2028, stack(0x00000000027a0000,0x00000000028a0000)]

Other Threads:
  0x0000000014ef7000 VMThread [stack: 0x0000000015f90000,0x0000000016090000] [id=3004]
  0x000000001637e800 WatcherThread [stack: 0x0000000016c90000,0x0000000016d90000] [id=4592]

VM state:not at safepoint (normal execution)

VM Mutex/Monitor currently owned by a thread: None

Heap:
 PSYoungGen      total 18432K, used 3863K [0x00000000ebb80000, 0x00000000ed000000, 0x0000000100000000)
  eden space 15872K, 8% used [0x00000000ebb80000,0x00000000ebccbc08,0x00000000ecb00000)
  from space 2560K, 99% used [0x00000000ecb00000,0x00000000ecd7a040,0x00000000ecd80000)
  to   space 2560K, 0% used [0x00000000ecd80000,0x00000000ecd80000,0x00000000ed000000)
 ParOldGen       total 42496K, used 3702K [0x00000000c3200000, 0x00000000c5b80000, 0x00000000ebb80000)
  object space 42496K, 8% used [0x00000000c3200000,0x00000000c359db08,0x00000000c5b80000)
 Metaspace       used 14429K, capacity 14568K, committed 14592K, reserved 1062912K
  class space    used 1753K, capacity 1782K, committed 1792K, reserved 1048576K

Card table byte_map: [0x0000000011df0000,0x0000000011fe0000] byte_map_base: 0x00000000117d7000

Marking Bits: (ParMarkBitMap*) 0x000000006312c720
 Begin Bits: [0x0000000012530000, 0x0000000013468000)
 End Bits:   [0x0000000013468000, 0x00000000143a0000)

Polling page: 0x0000000000d10000

CodeCache: size=245760Kb used=3852Kb max_used=3859Kb free=241907Kb
 bounds [0x0000000002a30000, 0x0000000002e00000, 0x0000000011a30000]
 total_blobs=1393 nmethods=1023 adapters=282
 compilation: enabled

Compilation events (10 events):
Event: 3.750 Thread 0x0000000014f57800 1020       4       java.net.URLStreamHandler::setURL (40 bytes)
Event: 3.751 Thread 0x0000000014f61800 nmethod 1017 0x0000000002dee450 code [0x0000000002dee960, 0x0000000002df2358]
Event: 3.751 Thread 0x0000000014f61800 1019       3       java.lang.Math::min (46 bytes)
Event: 3.752 Thread 0x0000000014f61800 nmethod 1019 0x0000000002df4490 code [0x0000000002df4600, 0x0000000002df4950]
Event: 3.753 Thread 0x0000000014f57800 nmethod 1020 0x0000000002df78d0 code [0x0000000002df7a20, 0x0000000002df7d38]
Event: 3.754 Thread 0x0000000014f61800 1021       3       java.lang.ClassLoader::getClassLoader (11 bytes)
Event: 3.754 Thread 0x0000000014f61800 nmethod 1021 0x0000000002df7490 code [0x0000000002df75e0, 0x0000000002df7810]
Event: 3.754 Thread 0x0000000014f61800 1022       3       java.lang.Character::digit (6 bytes)
Event: 3.755 Thread 0x0000000014f61800 nmethod 1022 0x0000000002df6f50 code [0x0000000002df70c0, 0x0000000002df7358]
Event: 3.755 Thread 0x0000000014f61800 1023       3       java.lang.Character::digit (10 bytes)

GC Heap History (6 events):
Event: 1.421 GC heap before
{Heap before GC invocations=1 (full 0):
 PSYoungGen      total 18432K, used 15872K [0x00000000ebb80000, 0x00000000ed000000, 0x0000000100000000)
  eden space 15872K, 100% used [0x00000000ebb80000,0x00000000ecb00000,0x00000000ecb00000)
  from space 2560K, 0% used [0x00000000ecd80000,0x00000000ecd80000,0x00000000ed000000)
  to   space 2560K, 0% used [0x00000000ecb00000,0x00000000ecb00000,0x00000000ecd80000)
 ParOldGen       total 42496K, used 0K [0x00000000c3200000, 0x00000000c5b80000, 0x00000000ebb80000)
  object space 42496K, 0% used [0x00000000c3200000,0x00000000c3200000,0x00000000c5b80000)
 Metaspace       used 6655K, capacity 6818K, committed 7040K, reserved 1056768K
  class space    used 803K, capacity 821K, committed 896K, reserved 1048576K
Event: 1.425 GC heap after
Heap after GC invocations=1 (full 0):
 PSYoungGen      total 18432K, used 2551K [0x00000000ebb80000, 0x00000000ed000000, 0x0000000100000000)
  eden space 15872K, 0% used [0x00000000ebb80000,0x00000000ebb80000,0x00000000ecb00000)
  from space 2560K, 99% used [0x00000000ecb00000,0x00000000ecd7ddc0,0x00000000ecd80000)
  to   space 2560K, 0% used [0x00000000ecd80000,0x00000000ecd80000,0x00000000ed000000)
 ParOldGen       total 42496K, used 494K [0x00000000c3200000, 0x00000000c5b80000, 0x00000000ebb80000)
  object space 42496K, 1% used [0x00000000c3200000,0x00000000c327bae8,0x00000000c5b80000)
 Metaspace       used 6655K, capacity 6818K, committed 7040K, reserved 1056768K
  class space    used 803K, capacity 821K, committed 896K, reserved 1048576K
}
Event: 2.747 GC heap before
{Heap before GC invocations=2 (full 0):
 PSYoungGen      total 18432K, used 18423K [0x00000000ebb80000, 0x00000000ed000000, 0x0000000100000000)
  eden space 15872K, 100% used [0x00000000ebb80000,0x00000000ecb00000,0x00000000ecb00000)
  from space 2560K, 99% used [0x00000000ecb00000,0x00000000ecd7ddc0,0x00000000ecd80000)
  to   space 2560K, 0% used [0x00000000ecd80000,0x00000000ecd80000,0x00000000ed000000)
 ParOldGen       total 42496K, used 494K [0x00000000c3200000, 0x00000000c5b80000, 0x00000000ebb80000)
  object space 42496K, 1% used [0x00000000c3200000,0x00000000c327bae8,0x00000000c5b80000)
 Metaspace       used 11369K, capacity 11528K, committed 11776K, reserved 1058816K
  class space    used 1372K, capacity 1430K, committed 1536K, reserved 1048576K
Event: 2.756 GC heap after
Heap after GC invocations=2 (full 0):
 PSYoungGen      total 18432K, used 2557K [0x00000000ebb80000, 0x00000000ed000000, 0x0000000100000000)
  eden space 15872K, 0% used [0x00000000ebb80000,0x00000000ebb80000,0x00000000ecb00000)
  from space 2560K, 99% used [0x00000000ecd80000,0x00000000ecfff7b8,0x00000000ed000000)
  to   space 2560K, 0% used [0x00000000ecb00000,0x00000000ecb00000,0x00000000ecd80000)
 ParOldGen       total 42496K, used 1946K [0x00000000c3200000, 0x00000000c5b80000, 0x00000000ebb80000)
  object space 42496K, 4% used [0x00000000c3200000,0x00000000c33e6800,0x00000000c5b80000)
 Metaspace       used 11369K, capacity 11528K, committed 11776K, reserved 1058816K
  class space    used 1372K, capacity 1430K, committed 1536K, reserved 1048576K
}
Event: 3.725 GC heap before
{Heap before GC invocations=3 (full 0):
 PSYoungGen      total 18432K, used 18429K [0x00000000ebb80000, 0x00000000ed000000, 0x0000000100000000)
  eden space 15872K, 100% used [0x00000000ebb80000,0x00000000ecb00000,0x00000000ecb00000)
  from space 2560K, 99% used [0x00000000ecd80000,0x00000000ecfff7b8,0x00000000ed000000)
  to   space 2560K, 0% used [0x00000000ecb00000,0x00000000ecb00000,0x00000000ecd80000)
 ParOldGen       total 42496K, used 1946K [0x00000000c3200000, 0x00000000c5b80000, 0x00000000ebb80000)
  object space 42496K, 4% used [0x00000000c3200000,0x00000000c33e6800,0x00000000c5b80000)
 Metaspace       used 14323K, capacity 14504K, committed 14592K, reserved 1062912K
  class space    used 1745K, capacity 1782K, committed 1792K, reserved 1048576K
Event: 3.734 GC heap after
Heap after GC invocations=3 (full 0):
 PSYoungGen      total 18432K, used 2536K [0x00000000ebb80000, 0x00000000ed000000, 0x0000000100000000)
  eden space 15872K, 0% used [0x00000000ebb80000,0x00000000ebb80000,0x00000000ecb00000)
  from space 2560K, 99% used [0x00000000ecb00000,0x00000000ecd7a040,0x00000000ecd80000)
  to   space 2560K, 0% used [0x00000000ecd80000,0x00000000ecd80000,0x00000000ed000000)
 ParOldGen       total 42496K, used 3702K [0x00000000c3200000, 0x00000000c5b80000, 0x00000000ebb80000)
  object space 42496K, 8% used [0x00000000c3200000,0x00000000c359db08,0x00000000c5b80000)
 Metaspace       used 14323K, capacity 14504K, committed 14592K, reserved 1062912K
  class space    used 1745K, capacity 1782K, committed 1792K, reserved 1048576K
}

Deoptimization events (10 events):
Event: 1.591 Thread 0x0000000002933800 Uncommon trap: reason=range_check action=make_not_entrant pc=0x0000000002c8eea0 method=sun.reflect.generics.parser.SignatureParser.current()C @ 34
Event: 2.418 Thread 0x0000000002933800 Uncommon trap: reason=unstable_if action=reinterpret pc=0x0000000002c39c94 method=java.io.WinNTFileSystem.normalize(Ljava/lang/String;)Ljava/lang/String; @ 128
Event: 2.419 Thread 0x0000000002933800 Uncommon trap: reason=unstable_if action=reinterpret pc=0x0000000002bcebc0 method=java.lang.String.indexOf([CII[CIII)I @ 3
Event: 3.367 Thread 0x0000000002933800 Uncommon trap: reason=unstable_if action=reinterpret pc=0x0000000002b8f99c method=sun.nio.cs.UTF_8$Encoder.encode([CII[B)I @ 33
Event: 3.681 Thread 0x0000000002933800 Uncommon trap: reason=class_check action=maybe_recompile pc=0x0000000002d409b8 method=java.util.HashMap.putVal(ILjava/lang/Object;Ljava/lang/Object;ZZ)Ljava/lang/Object; @ 203
Event: 3.681 Thread 0x0000000002933800 Uncommon trap: reason=class_check action=maybe_recompile pc=0x0000000002d409b8 method=java.util.HashMap.putVal(ILjava/lang/Object;Ljava/lang/Object;ZZ)Ljava/lang/Object; @ 203
Event: 3.689 Thread 0x0000000002933800 Uncommon trap: reason=class_check action=maybe_recompile pc=0x0000000002d409b8 method=java.util.HashMap.putVal(ILjava/lang/Object;Ljava/lang/Object;ZZ)Ljava/lang/Object; @ 203
Event: 3.745 Thread 0x0000000002933800 Uncommon trap: reason=unstable_if action=reinterpret pc=0x0000000002c3497c method=java.util.HashMap.hash(Ljava/lang/Object;)I @ 1
Event: 3.746 Thread 0x0000000002933800 Uncommon trap: reason=unstable_if action=reinterpret pc=0x0000000002d409d4 method=java.util.HashMap.hash(Ljava/lang/Object;)I @ 1
Event: 3.749 Thread 0x0000000002933800 Uncommon trap: reason=unstable_if action=reinterpret pc=0x0000000002ca7de8 method=java.util.HashMap.hash(Ljava/lang/Object;)I @ 1

Internal exceptions (10 events):
Event: 3.717 Thread 0x0000000002933800 Exception <a 'java/lang/ClassNotFoundException': com/mchange/v2/c3p0/impl/IdentityTokenResolvableBeanInfo> (0x00000000eca46ca8) thrown at [C:\re\workspace\8-2-build-windows-amd64-cygwin\jdk8u131\8869\hotspot\src\share\vm\classfile\systemDictionary.cpp, li
Event: 3.717 Thread 0x0000000002933800 Exception <a 'java/lang/ClassNotFoundException': com/mchange/v2/c3p0/impl/AbstractIdentityTokenizedBeanInfo> (0x00000000eca59cc8) thrown at [C:\re\workspace\8-2-build-windows-amd64-cygwin\jdk8u131\8869\hotspot\src\share\vm\classfile\systemDictionary.cpp, 
Event: 3.717 Thread 0x0000000002933800 Exception <a 'java/lang/ClassNotFoundException': com/mchange/v2/c3p0/impl/AbstractIdentityTokenizedCustomizer> (0x00000000eca6d860) thrown at [C:\re\workspace\8-2-build-windows-amd64-cygwin\jdk8u131\8869\hotspot\src\share\vm\classfile\systemDictionary.cpp
Event: 3.718 Thread 0x0000000002933800 Exception <a 'java/lang/ClassNotFoundException': com/mchange/v2/c3p0/impl/IdentityTokenResolvableCustomizer> (0x00000000eca823b8) thrown at [C:\re\workspace\8-2-build-windows-amd64-cygwin\jdk8u131\8869\hotspot\src\share\vm\classfile\systemDictionary.cpp, 
Event: 3.719 Thread 0x0000000002933800 Exception <a 'java/lang/ClassNotFoundException': com/mchange/v2/c3p0/impl/PoolBackedDataSourceBaseCustomizer> (0x00000000eca974f0) thrown at [C:\re\workspace\8-2-build-windows-amd64-cygwin\jdk8u131\8869\hotspot\src\share\vm\classfile\systemDictionary.cpp,
Event: 3.722 Thread 0x0000000002933800 Exception <a 'java/lang/ClassNotFoundException': com/mchange/v2/c3p0/impl/AbstractPoolBackedDataSourceCustomizer> (0x00000000ecac41d8) thrown at [C:\re\workspace\8-2-build-windows-amd64-cygwin\jdk8u131\8869\hotspot\src\share\vm\classfile\systemDictionary.
Event: 3.736 Thread 0x0000000002933800 Exception <a 'java/lang/ClassNotFoundException': com/mchange/v2/c3p0/ComboPooledDataSourceCustomizer> (0x00000000ebba0b58) thrown at [C:\re\workspace\8-2-build-windows-amd64-cygwin\jdk8u131\8869\hotspot\src\share\vm\classfile\systemDictionary.cpp, line 21
Event: 3.745 Thread 0x0000000002933800 Implicit null exception at 0x0000000002c34795 to 0x0000000002c3496d
Event: 3.746 Thread 0x0000000002933800 Implicit null exception at 0x0000000002d4049b to 0x0000000002d409b9
Event: 3.749 Thread 0x0000000002933800 Implicit null exception at 0x0000000002ca7d6f to 0x0000000002ca7dd9

Events (10 events):
Event: 3.749 Thread 0x0000000002933800 DEOPT PACKING pc=0x0000000002ca7de8 sp=0x000000000289b990
Event: 3.749 Thread 0x0000000002933800 DEOPT UNPACKING pc=0x0000000002a7582a sp=0x000000000289b930 mode 2
Event: 3.749 loading class com/mchange/v2/c3p0/WrapperConnectionPoolDataSource
Event: 3.749 loading class com/mchange/v2/c3p0/WrapperConnectionPoolDataSource done
Event: 3.750 loading class com/mchange/v2/c3p0/impl/WrapperConnectionPoolDataSourceBase
Event: 3.750 loading class com/mchange/v2/c3p0/impl/WrapperConnectionPoolDataSourceBase done
Event: 3.753 loading class javax/sql/PooledConnection
Event: 3.753 loading class javax/sql/PooledConnection done
Event: 3.754 loading class com/mchange/v1/lang/BooleanUtils
Event: 3.754 loading class com/mchange/v1/lang/BooleanUtils done


Dynamic libraries:
0x00007ff755d90000 - 0x00007ff755dc7000 	C:\Program Files\Java\jdk1.8.0_131\bin\java.exe
0x00007fff0c6a0000 - 0x00007fff0c849000 	C:\Windows\SYSTEM32\ntdll.dll
0x00007fff0a070000 - 0x00007fff0a1a9000 	C:\Windows\system32\KERNEL32.DLL
0x00007fff09af0000 - 0x00007fff09bfe000 	C:\Windows\system32\KERNELBASE.dll
0x00007fff0a560000 - 0x00007fff0a605000 	C:\Windows\system32\ADVAPI32.dll
0x00007fff0ab20000 - 0x00007fff0ac91000 	C:\Windows\system32\USER32.dll
0x00007fff06fd0000 - 0x00007fff0722a000 	C:\Windows\WinSxS\amd64_microsoft.windows.common-controls_6595b64144ccf1df_6.0.9600.16384_none_62475f7becb72503\COMCTL32.dll
0x00007fff0a860000 - 0x00007fff0a907000 	C:\Windows\system32\msvcrt.dll
0x00007fff0c460000 - 0x00007fff0c4b7000 	C:\Windows\SYSTEM32\sechost.dll
0x00007fff09f30000 - 0x00007fff0a066000 	C:\Windows\system32\RPCRT4.dll
0x00007fff0a9d0000 - 0x00007fff0ab15000 	C:\Windows\system32\GDI32.dll
0x00007fff0c4c0000 - 0x00007fff0c4f4000 	C:\Windows\system32\IMM32.DLL
0x00007fff0a1b0000 - 0x00007fff0a2e9000 	C:\Windows\system32\MSCTF.dll
0x0000000062830000 - 0x0000000062902000 	C:\Program Files\Java\jdk1.8.0_131\jre\bin\msvcr100.dll
0x0000000062910000 - 0x00000000631ac000 	C:\Program Files\Java\jdk1.8.0_131\jre\bin\server\jvm.dll
0x00007fff06450000 - 0x00007fff06459000 	C:\Windows\SYSTEM32\WSOCK32.dll
0x00007fff03320000 - 0x00007fff0333f000 	C:\Windows\SYSTEM32\WINMM.dll
0x00007fff031b0000 - 0x00007fff031ba000 	C:\Windows\SYSTEM32\VERSION.dll
0x00007fff0a2f0000 - 0x00007fff0a2f7000 	C:\Windows\system32\PSAPI.DLL
0x00007fff0a610000 - 0x00007fff0a668000 	C:\Windows\system32\WS2_32.dll
0x00007fff032f0000 - 0x00007fff0331a000 	C:\Windows\SYSTEM32\WINMMBASE.dll
0x00007fff0a6d0000 - 0x00007fff0a6d9000 	C:\Windows\system32\NSI.dll
0x00007fff09c00000 - 0x00007fff09c4a000 	C:\Windows\SYSTEM32\cfgmgr32.dll
0x00007fff088d0000 - 0x00007fff088f6000 	C:\Windows\SYSTEM32\DEVOBJ.dll
0x0000000062820000 - 0x000000006282f000 	C:\Program Files\Java\jdk1.8.0_131\jre\bin\verify.dll
0x00000000627f0000 - 0x0000000062819000 	C:\Program Files\Java\jdk1.8.0_131\jre\bin\java.dll
0x00000000627d0000 - 0x00000000627e6000 	C:\Program Files\Java\jdk1.8.0_131\jre\bin\zip.dll
0x00007fff0af30000 - 0x00007fff0c33d000 	C:\Windows\system32\SHELL32.dll
0x00007fff0aca0000 - 0x00007fff0ae77000 	C:\Windows\SYSTEM32\combase.dll
0x00007fff0a500000 - 0x00007fff0a551000 	C:\Windows\system32\SHLWAPI.dll
0x00007fff08070000 - 0x00007fff08111000 	C:\Windows\SYSTEM32\SHCORE.dll
0x00007fff09a20000 - 0x00007fff09a34000 	C:\Windows\SYSTEM32\profapi.dll
0x00007fff01010000 - 0x00007fff01020000 	E:\IntelliJ IDEA 2016.2.1\bin\breakgen64.dll
0x00000000627b0000 - 0x00000000627ca000 	C:\Program Files\Java\jdk1.8.0_131\jre\bin\net.dll
0x00007fff09280000 - 0x00007fff092d8000 	C:\Windows\system32\mswsock.dll
0x00007fff03060000 - 0x00007fff03074000 	C:\Windows\system32\napinsp.dll
0x00007fff02ed0000 - 0x00007fff02ee9000 	C:\Windows\system32\pnrpnsp.dll
0x00007fff06900000 - 0x00007fff06919000 	C:\Windows\system32\NLAapi.dll
0x00007fff09060000 - 0x00007fff09103000 	C:\Windows\SYSTEM32\DNSAPI.dll
0x00007fff02ec0000 - 0x00007fff02ecc000 	C:\Windows\System32\winrnr.dll
0x00007fff01c20000 - 0x00007fff01c29000 	C:\Windows\System32\rasadhlp.dll
0x00007fff05dc0000 - 0x00007fff05de9000 	C:\Windows\SYSTEM32\IPHLPAPI.DLL
0x00007fff05da0000 - 0x00007fff05daa000 	C:\Windows\SYSTEM32\WINNSI.DLL
0x00007fff057b0000 - 0x00007fff05817000 	C:\Windows\System32\fwpuclnt.dll
0x00007fff092e0000 - 0x00007fff092fe000 	C:\Windows\SYSTEM32\CRYPTSP.dll
0x00007fff08f10000 - 0x00007fff08f45000 	C:\Windows\system32\rsaenh.dll
0x00007fff094d0000 - 0x00007fff094f6000 	C:\Windows\SYSTEM32\bcrypt.dll
0x00007fff09260000 - 0x00007fff0927f000 	C:\Windows\SYSTEM32\USERENV.dll
0x00007fff09830000 - 0x00007fff0988e000 	C:\Windows\system32\bcryptprimitives.dll
0x00007fff09890000 - 0x00007fff0989a000 	C:\Windows\SYSTEM32\CRYPTBASE.dll
0x00007fff056e0000 - 0x00007fff056f4000 	C:\Windows\SYSTEM32\dhcpcsvc6.DLL
0x00007fff056c0000 - 0x00007fff056d9000 	C:\Windows\SYSTEM32\dhcpcsvc.DLL
0x0000000062790000 - 0x00000000627a1000 	C:\Program Files\Java\jdk1.8.0_131\jre\bin\nio.dll
0x0000000062590000 - 0x000000006259d000 	C:\Program Files\Java\jdk1.8.0_131\jre\bin\management.dll

VM Arguments:
jvm_args: -ea -Didea.launcher.port=7536 -Didea.launcher.bin.path=E:\IntelliJ IDEA 2016.2.1\bin -Didea.junit.sm_runner -Dfile.encoding=UTF-8 
java_command: com.intellij.rt.execution.application.AppMain com.intellij.rt.execution.junit.JUnitStarter -ideVersion5 com.org.dao.SpringTest,testSave
java_class_path (initial): E:\IntelliJ IDEA 2016.2.1\lib\idea_rt.jar;E:\IntelliJ IDEA 2016.2.1\plugins\junit\lib\junit-rt.jar;C:\Program Files\Java\jdk1.8.0_131\jre\lib\charsets.jar;C:\Program Files\Java\jdk1.8.0_131\jre\lib\deploy.jar;C:\Program Files\Java\jdk1.8.0_131\jre\lib\ext\access-bridge-64.jar;C:\Program Files\Java\jdk1.8.0_131\jre\lib\ext\cldrdata.jar;C:\Program Files\Java\jdk1.8.0_131\jre\lib\ext\dnsns.jar;C:\Program Files\Java\jdk1.8.0_131\jre\lib\ext\jaccess.jar;C:\Program Files\Java\jdk1.8.0_131\jre\lib\ext\jfxrt.jar;C:\Program Files\Java\jdk1.8.0_131\jre\lib\ext\localedata.jar;C:\Program Files\Java\jdk1.8.0_131\jre\lib\ext\nashorn.jar;C:\Program Files\Java\jdk1.8.0_131\jre\lib\ext\sunec.jar;C:\Program Files\Java\jdk1.8.0_131\jre\lib\ext\sunjce_provider.jar;C:\Program Files\Java\jdk1.8.0_131\jre\lib\ext\sunmscapi.jar;C:\Program Files\Java\jdk1.8.0_131\jre\lib\ext\sunpkcs11.jar;C:\Program Files\Java\jdk1.8.0_131\jre\lib\ext\zipfs.jar;C:\Program Files\Java\jdk1.8.0_131\jre\lib\javaws.jar;C:\Program Files\Java\jdk1.8.0_131\jre\lib\jce.jar;C:\Program Files\Java\jdk1.8.0_131\jre\lib\jfr.jar;C:\Program Files\Java\jdk1.8.0_131\jre\lib\jfxswt.jar;C:\Program Files\Java\jdk1.8.0_131\jre\lib\jsse.jar;C:\Program Files\Java\jdk1.8.0_131\jre\lib\management-agent.jar;C:\Program Files\Java\jdk1.8.0_131\jre\lib\plugin.jar;C:\Program Files\Java\jdk1.8.0_131\jre\lib\resources.jar;C:\Program Files\Java\jdk1.8.0_131\jre\lib\rt.jar;E:\IdeaProjects\demo\target\test-classes;E:\IdeaProjects\demo\target\classes;C:\Users\Administrator\.m2\repository\org\springframework\spring-core\3.2.5.RELEASE\spring-core-3.2.5.RELEASE.jar;C:\Users\Administrator\.m2\repository\commons-logging\commons-logging\1.1.1\commons-logging-1.1.1.jar;C:\Users\Administrator\.m2\repository\org\springframework\spring-test\3.2.5.RELEASE\spring-test-3.2.5.RELEASE.jar;C:\Users\Administrator\.m2\repository\org\springframework\spring-orm\3.2.5.RELEASE\spring-orm-3.2.5.RELEASE.jar;C:\Users\Administrator\.m2\repo
Launcher Type: SUN_STANDARD

Environment Variables:
JAVA_HOME=C:\Program Files\Java\jdk1.8.0_131
CLASSPATH=.;C:\Program Files\Java\jdk1.8.0_131\jre\lib\rt.jar;C:\Program Files\Java\jdk1.8.0_131\lib\dt.jar;C:\Program Files\Java\jdk1.8.0_131\lib\tools.jar;
PATH=.;C:\Program Files\Java\jdk1.8.0_131\bin;C:\Program Files\Java\jdk1.8.0_131\jre\bin;C:\ProgramData\Oracle\Java\javapath;C:\Windows\system32;C:\Windows;C:\Windows\System32\Wbem;C:\Windows\System32\WindowsPowerShell\v1.0\;C:\Program Files\Git\cmd
USERNAME=Administrator
OS=Windows_NT
PROCESSOR_IDENTIFIER=Intel64 Family 6 Model 58 Stepping 9, GenuineIntel



---------------  S Y S T E M  ---------------

OS: Windows 8.1 , 64 bit Build 9600 (6.3.9600.16656)

CPU:total 4 (initial active 4) (2 cores per cpu, 2 threads per core) family 6 model 58 stepping 9, cmov, cx8, fxsr, mmx, sse, sse2, sse3, ssse3, sse4.1, sse4.2, popcnt, avx, aes, clmul, erms, ht, tsc, tscinvbit, tscinv

Memory: 4k page, physical 3984992k(1045296k free), swap 3984992k(4640k free)

vm_info: Java HotSpot(TM) 64-Bit Server VM (25.131-b11) for windows-amd64 JRE (1.8.0_131-b11), built on Mar 15 2017 01:23:53 by "java_re" with MS VC++ 10.0 (VS2010)

time: Sat Jun 10 00:29:39 2017
elapsed time: 3 seconds (0d 0h 0m 3s)

